0 info it worked if it ends with ok
1 verbose cli [ 'nodejs', '/usr/bin/npm', 'owner', 'ls', 'userbar' ]
2 info using npm@1.2.9
3 info using node@v0.8.19
4 verbose url raw userbar
5 verbose url resolving [ 'https://registry.npmjs.org/', './userbar' ]
6 verbose url resolved https://registry.npmjs.org/userbar
7 info trying registry request attempt 1 at 23:38:57
8 http GET https://registry.npmjs.org/userbar
9 http 404 https://registry.npmjs.org/userbar
10 silly registry.get cb [ 404,
10 silly registry.get   { server: 'CouchDB/1.2.1 (Erlang OTP/R15B)',
10 silly registry.get     date: 'Sat, 16 Feb 2013 19:37:00 GMT',
10 silly registry.get     'content-type': 'application/json',
10 silly registry.get     'content-length': '52',
10 silly registry.get     'cache-control': 'must-revalidate' } ]
11 error owner ls Couldn't get owner data userbar
12 error 404 'userbar' is not in the npm registry.
12 error 404 You should bug the author to publish it
12 error 404
12 error 404 Note that you can also install from a
12 error 404 tarball, folder, or http url, or git url.
13 error System Linux 3.5.0-23-generic
14 error command "nodejs" "/usr/bin/npm" "owner" "ls" "userbar"
15 error cwd /home/baboon/prj/userbar
16 error node -v v0.8.19
17 error npm -v 1.2.9
18 error code E404
19 verbose exit [ 1, true ]
